<?xml version="1.0" encoding="UTF-8"?>
<!-- Generated by org.testng.reporters.JUnitReportReporter -->
<testsuite hostname="Mapletech" failures="0" tests="3" name="edu.sms.teacher.TestNGClass1Test" time="0.006" errors="0" timestamp="2023-03-07T17:31:44 IST" skipped="0">
  <testcase classname="edu.sms.teacher.TestNGClass1Test" name="test1" time="0.002"/>
  <system-out/>
  <testcase classname="edu.sms.teacher.TestNGClass1Test" name="test3" time="0.002"/>
  <system-out/>
  <testcase classname="edu.sms.teacher.TestNGClass1Test" name="test2" time="0.002"/>
  <system-out/>
</testsuite> <!-- edu.sms.teacher.TestNGClass1Test -->
