<?xml version="1.0" encoding="UTF-8"?>
<!-- Generated by org.testng.reporters.JUnitReportReporter -->
<testsuite hostname="Mapletech" failures="0" tests="1" name="edu.sms.guardian.AddAndVerifyMySonsTeacher" time="6.655" errors="0" timestamp="2023-03-09T10:18:12 IST" skipped="0">
  <testcase classname="edu.sms.guardian.AddAndVerifyMySonsTeacher" name="addAndVerifyMySonsTeacher" time="6.655"/>
  <system-out/>
</testsuite> <!-- edu.sms.guardian.AddAndVerifyMySonsTeacher -->
