<?xml version="1.0" encoding="UTF-8"?>
<!-- Generated by org.testng.reporters.JUnitReportReporter -->
<testsuite hostname="Mapletech" failures="0" tests="1" name="edu.sms.guardian.AddAndVerifyMySonsTimetable" time="11.940" errors="0" timestamp="2023-03-09T10:18:12 IST" skipped="0">
  <testcase classname="edu.sms.guardian.AddAndVerifyMySonsTimetable" name="addAndVerifyMySonsTimetable" time="11.940"/>
  <system-out/>
</testsuite> <!-- edu.sms.guardian.AddAndVerifyMySonsTimetable -->
